<?xml version="1.0" encoding="UTF-8"?>
<!-- Generated by org.testng.reporters.JUnitXMLReporter -->
<testsuite hostname="DESKTOP-ODABQ8T" name="Default test(failed)(failed)" tests="1" failures="1" timestamp="15 Dec 2019 08:41:55 GMT" time="13.891" errors="0">
  <testcase name="launchUrl" time="13.867" classname="com.qa.shopping.NavigateToUrl">
    <failure type="java.lang.NullPointerException">
      <![CDATA[java.lang.NullPointerException
	at com.qa.shopping.NavigateToUrl.launchUrl(NavigateToUrl.java:17)
... Removed 24 stack frames]]>
    </failure>
  </testcase> <!-- launchUrl -->
</testsuite> <!-- Default test(failed)(failed) -->
