<?xml version="1.0" encoding="UTF-8"?>
<testng-results skipped="0" failed="0" total="0" passed="0">
  <reporter-output>
  </reporter-output>
  <suite name="Failed suite [Default suite]" duration-ms="0" started-at="2019-12-14T13:20:54Z" finished-at="2019-12-14T13:20:54Z">
    <groups>
    </groups>
    <test name="Default test(failed)" duration-ms="0" started-at="2019-12-14T13:20:54Z" finished-at="2019-12-14T13:20:54Z">
    </test> <!-- Default test(failed) -->
  </suite> <!-- Failed suite [Default suite] -->
</testng-results>
