<?xml version="1.0" encoding="UTF-8"?>
<!-- Generated by org.testng.reporters.JUnitXMLReporter -->
<testsuite hostname="DESKTOP-ODABQ8T" name="Default test(failed)" tests="1" failures="1" timestamp="15 Dec 2019 12:53:08 GMT" time="18.773" errors="0">
  <testcase name="loginUser" time="4.165" classname="com.qa.shopping.NavigateToUrl">
    <failure type="java.lang.AssertionError" message="title mismatch --&amp;gt; invalid expected:&amp;lt;sumanth.a005@gmail.com&amp;gt; but was:&amp;lt;&amp;gt;">
      <![CDATA[java.lang.AssertionError: title mismatch --> invalid expected:<sumanth.a005@gmail.com> but was:<>
	at com.qa.shopping.NavigateToUrl.loginUser(NavigateToUrl.java:45)
... Removed 28 stack frames]]>
    </failure>
  </testcase> <!-- loginUser -->
</testsuite> <!-- Default test(failed) -->
